<?xml version="1.0" encoding="UTF-8"?>
<!-- Generated by org.testng.reporters.JUnitXMLReporter -->
<testsuite hostname="lukes-PC" ignored="0" name="Command line test" tests="2" failures="0" timestamp="28 Nov 2018 21:39:12 GMT" time="9.174" errors="0">
  <testcase name="testSearchClickingSearchBlabla" time="2.606" classname="tloocTests.GoogleHomeTest"/>
  <testcase name="testSearchClickingSearchOnGoogle" time="2.343" classname="tloocTests.GoogleHomeTest"/>
</testsuite> <!-- Command line test -->
