<?xml version="1.0" encoding="UTF-8"?>
<!-- Generated by org.testng.reporters.JUnitXMLReporter -->
<testsuite hostname="DESKTOP-4C7O5I6" ignored="0" name="Command line test" tests="2" failures="0" timestamp="29 Nov 2018 16:11:36 GMT" time="23.271" errors="0">
  <testcase name="testSearchClickingSearchBlabla" time="2.231" classname="tloocTests.GoogleHomeTest"/>
  <testcase name="testSearchClickingSearchOnGoogle" time="1.355" classname="tloocTests.GoogleHomeTest"/>
</testsuite> <!-- Command line test -->
