<?xml version="1.0" encoding="UTF-8"?>
<testng-results skipped="0" failed="0" ignored="0" total="2" passed="2">
  <reporter-output>
  </reporter-output>
  <suite name="tloocTests.GoogleHomeTest" duration-ms="23271" started-at="2018-11-29T16:11:13Z" finished-at="2018-11-29T16:11:36Z">
    <groups>
    </groups>
    <test name="Command line test" duration-ms="23271" started-at="2018-11-29T16:11:13Z" finished-at="2018-11-29T16:11:36Z">
      <class name="tloocTests.GoogleHomeTest">
        <test-method status="PASS" signature="webDriverManagerSetup()[pri:0, instance:tloocTests.GoogleHomeTest@5f2050f6]" name="webDriverManagerSetup" is-config="true" duration-ms="3164" started-at="2018-11-29T16:11:13Z" finished-at="2018-11-29T16:11:16Z">
          <reporter-output>
          </reporter-output>
        </test-method> <!-- webDriverManagerSetup -->
        <test-method status="PASS" signature="initialize()[pri:0, instance:tloocTests.GoogleHomeTest@5f2050f6]" name="initialize" is-config="true" duration-ms="8344" started-at="2018-11-29T16:11:16Z" finished-at="2018-11-29T16:11:24Z">
          <reporter-output>
          </reporter-output>
        </test-method> <!-- initialize -->
        <test-method status="PASS" signature="testSearchClickingSearchBlabla()[pri:0, instance:tloocTests.GoogleHomeTest@5f2050f6]" name="testSearchClickingSearchBlabla" duration-ms="2231" started-at="2018-11-29T16:11:24Z" description="Verifies that results page is displyed when doing search" finished-at="2018-11-29T16:11:27Z">
          <reporter-output>
          </reporter-output>
        </test-method> <!-- testSearchClickingSearchBlabla -->
        <test-method status="PASS" signature="terminate()[pri:0, instance:tloocTests.GoogleHomeTest@5f2050f6]" name="terminate" is-config="true" duration-ms="763" started-at="2018-11-29T16:11:27Z" finished-at="2018-11-29T16:11:27Z">
          <reporter-output>
          </reporter-output>
        </test-method> <!-- terminate -->
        <test-method status="PASS" signature="initialize()[pri:0, instance:tloocTests.GoogleHomeTest@5f2050f6]" name="initialize" is-config="true" duration-ms="6529" started-at="2018-11-29T16:11:27Z" finished-at="2018-11-29T16:11:34Z">
          <reporter-output>
          </reporter-output>
        </test-method> <!-- initialize -->
        <test-method status="PASS" signature="testSearchClickingSearchOnGoogle()[pri:0, instance:tloocTests.GoogleHomeTest@5f2050f6]" name="testSearchClickingSearchOnGoogle" duration-ms="1355" started-at="2018-11-29T16:11:34Z" description="Verifies that results page is displyed when doing search" finished-at="2018-11-29T16:11:35Z">
          <reporter-output>
          </reporter-output>
        </test-method> <!-- testSearchClickingSearchOnGoogle -->
        <test-method status="PASS" signature="terminate()[pri:0, instance:tloocTests.GoogleHomeTest@5f2050f6]" name="terminate" is-config="true" duration-ms="869" started-at="2018-11-29T16:11:35Z" finished-at="2018-11-29T16:11:36Z">
          <reporter-output>
          </reporter-output>
        </test-method> <!-- terminate -->
      </class> <!-- tloocTests.GoogleHomeTest -->
    </test> <!-- Command line test -->
  </suite> <!-- tloocTests.GoogleHomeTest -->
</testng-results>
