<?xml version="1.0" encoding="UTF-8"?>
<testng-results skipped="0" failed="0" ignored="0" total="1" passed="1">
  <reporter-output>
  </reporter-output>
  <suite name="Default suite" duration-ms="1649" started-at="2018-11-25T21:22:21Z" finished-at="2018-11-25T21:22:22Z">
    <groups>
    </groups>
    <test name="Default test" duration-ms="1649" started-at="2018-11-25T21:22:21Z" finished-at="2018-11-25T21:22:22Z">
      <class name="tloocTests.GoogleHomeTest">
        <test-method status="PASS" signature="initialize()[pri:0, instance:tloocTests.GoogleHomeTest@1ed6388a]" name="initialize" is-config="true" duration-ms="11" started-at="2018-11-25T21:22:21Z" finished-at="2018-11-25T21:22:21Z">
          <reporter-output>
          </reporter-output>
        </test-method> <!-- initialize -->
        <test-method status="PASS" signature="testSearchClickingSearchOnGoogle()[pri:0, instance:tloocTests.GoogleHomeTest@1ed6388a]" name="testSearchClickingSearchOnGoogle" duration-ms="1491" started-at="2018-11-25T21:22:21Z" description="Verifies that results page is displyed when doing search" finished-at="2018-11-25T21:22:22Z">
          <reporter-output>
          </reporter-output>
        </test-method> <!-- testSearchClickingSearchOnGoogle -->
        <test-method status="PASS" signature="terminate()[pri:0, instance:tloocTests.GoogleHomeTest@1ed6388a]" name="terminate" is-config="true" duration-ms="128" started-at="2018-11-25T21:22:22Z" finished-at="2018-11-25T21:22:22Z">
          <reporter-output>
          </reporter-output>
        </test-method> <!-- terminate -->
      </class> <!-- tloocTests.GoogleHomeTest -->
    </test> <!-- Default test -->
  </suite> <!-- Default suite -->
</testng-results>
